{"/Users/mikes/Projects/Clippy/src/Clippy.ts": {"path":"/Users/mikes/Projects/Clippy/src/Clippy.ts","statementMap":{"0":{"start":{"line":2,"column":0},"end":{"line":2,"column":62}},"1":{"start":{"line":5,"column":8},"end":{"line":5,"column":49}},"2":{"start":{"line":6,"column":8},"end":{"line":6,"column":43}},"3":{"start":{"line":7,"column":8},"end":{"line":7,"column":39}},"4":{"start":{"line":10,"column":8},"end":{"line":10,"column":52}},"5":{"start":{"line":13,"column":0},"end":{"line":13,"column":25}}},"fnMap":{"0":{"name":"(anonymous_0)","decl":{"start":{"line":4,"column":4},"end":{"line":4,"column":5}},"loc":{"start":{"line":4,"column":62},"end":{"line":8,"column":5}},"line":4},"1":{"name":"(anonymous_1)","decl":{"start":{"line":9,"column":4},"end":{"line":9,"column":5}},"loc":{"start":{"line":9,"column":11},"end":{"line":11,"column":5}},"line":9}},"branchMap":{},"s":{"0":1,"1":1,"2":1,"3":1,"4":1,"5":1},"f":{"0":1,"1":1},"b":{},"inputSourceMap":{"version":3,"file":"Clippy.js","sourceRoot":"","sources":["Clippy.ts"],"names":[],"mappings":";;AAIA;IACI,YACY,gBAAkC,EAClC,aAA4B,EAC5B,WAAwB;QAFxB,qBAAgB,GAAhB,gBAAgB,CAAkB;QAClC,kBAAa,GAAb,aAAa,CAAe;QAC5B,gBAAW,GAAX,WAAW,CAAa;IACjC,CAAC;IAEG,IAAI;QACP,IAAI,CAAC,aAAa,CAAC,sBAAsB,EAAE,CAAC;IAChD,CAAC;CACJ;AAVD,yBAUC","sourcesContent":["import AnimationService from './services/AnimationService';\nimport RenderService from './services/RenderService';\nimport VanillaDrag from 'vanilla-drag/dist/VanillaDrag';\n\nexport default class Clippy {\n    constructor (\n        private animationService: AnimationService,\n        private renderService: RenderService,\n        private vanillaDrag: VanillaDrag\n    ) {}\n\n    public init (): void {\n        this.renderService.loadSpriteSheetIntoDom();\n    }\n}\n"]},"_coverageSchema":"332fd63041d2c1bcb487cc26dd0d5f7d97098a6c","hash":"1a7072d42adf6df03ad3cde89bab21a574b5fc8e"}
,"/Users/mikes/Projects/Clippy/src/services/AnimationService.ts": {"path":"/Users/mikes/Projects/Clippy/src/services/AnimationService.ts","statementMap":{"0":{"start":{"line":2,"column":0},"end":{"line":2,"column":62}},"1":{"start":{"line":5,"column":8},"end":{"line":5,"column":43}},"2":{"start":{"line":6,"column":8},"end":{"line":6,"column":29}},"3":{"start":{"line":7,"column":8},"end":{"line":7,"column":41}},"4":{"start":{"line":8,"column":8},"end":{"line":8,"column":23}},"5":{"start":{"line":9,"column":8},"end":{"line":9,"column":23}},"6":{"start":{"line":10,"column":8},"end":{"line":10,"column":41}},"7":{"start":{"line":11,"column":8},"end":{"line":11,"column":35}},"8":{"start":{"line":14,"column":8},"end":{"line":14,"column":26}},"9":{"start":{"line":17,"column":8},"end":{"line":24,"column":9}},"10":{"start":{"line":18,"column":12},"end":{"line":18,"column":81}},"11":{"start":{"line":19,"column":12},"end":{"line":19,"column":25}},"12":{"start":{"line":20,"column":12},"end":{"line":20,"column":80}},"13":{"start":{"line":23,"column":12},"end":{"line":23,"column":23}},"14":{"start":{"line":27,"column":25},"end":{"line":27,"column":45}},"15":{"start":{"line":28,"column":8},"end":{"line":28,"column":35}},"16":{"start":{"line":29,"column":8},"end":{"line":29,"column":77}},"17":{"start":{"line":32,"column":0},"end":{"line":32,"column":35}}},"fnMap":{"0":{"name":"(anonymous_0)","decl":{"start":{"line":4,"column":4},"end":{"line":4,"column":5}},"loc":{"start":{"line":4,"column":58},"end":{"line":12,"column":5}},"line":4},"1":{"name":"(anonymous_1)","decl":{"start":{"line":13,"column":4},"end":{"line":13,"column":5}},"loc":{"start":{"line":13,"column":15},"end":{"line":15,"column":5}},"line":13},"2":{"name":"(anonymous_2)","decl":{"start":{"line":16,"column":4},"end":{"line":16,"column":5}},"loc":{"start":{"line":16,"column":21},"end":{"line":25,"column":5}},"line":16},"3":{"name":"(anonymous_3)","decl":{"start":{"line":26,"column":4},"end":{"line":26,"column":5}},"loc":{"start":{"line":26,"column":12},"end":{"line":30,"column":5}},"line":26}},"branchMap":{"0":{"loc":{"start":{"line":17,"column":8},"end":{"line":24,"column":9}},"type":"if","locations":[{"start":{"line":17,"column":8},"end":{"line":24,"column":9}},{"start":{"line":17,"column":8},"end":{"line":24,"column":9}}],"line":17}},"s":{"0":2,"1":6,"2":6,"3":6,"4":6,"5":6,"6":6,"7":6,"8":2,"9":6,"10":5,"11":5,"12":5,"13":1,"14":1,"15":1,"16":1,"17":2},"f":{"0":6,"1":2,"2":6,"3":1},"b":{"0":[5,1]},"inputSourceMap":{"version":3,"file":"AnimationService.js","sourceRoot":"","sources":["AnimationService.ts"],"names":[],"mappings":";;AAGA;IAKI,YACY,aAA4B,EAC5B,MAAc,EACd,YAAiC,EACjC,GAAW;QAHX,kBAAa,GAAb,aAAa,CAAe;QAC5B,WAAM,GAAN,MAAM,CAAQ;QACd,iBAAY,GAAZ,YAAY,CAAqB;QACjC,QAAG,GAAH,GAAG,CAAQ;QAEnB,IAAI,CAAC,KAAK,GAAG,CAAC,CAAC;QACf,IAAI,CAAC,KAAK,GAAG,YAAY,CAAC,MAAM,CAAC;QACjC,IAAI,CAAC,iBAAiB,GAAG,CAAC,CAAC;IAC/B,CAAC;IAEM,QAAQ;QACX,MAAM,CAAC,IAAI,CAAC,KAAK,CAAC;IACtB,CAAC;IAEM,MAAM,CAAE,QAAmB;QAC9B,EAAE,CAAC,CAAC,IAAI,CAAC,KAAK,GAAG,IAAI,CAAC,KAAK,CAAC,CAAC,CAAC;YAC1B,IAAI,CAAC,aAAa,CAAC,MAAM,CAAC,IAAI,CAAC,YAAY,CAAC,IAAI,CAAC,iBAAiB,CAAC,CAAC,CAAC;YACrE,IAAI,CAAC,KAAK,EAAE,CAAC;YACb,IAAI,CAAC,MAAM,CAAC,qBAAqB,CAAC,IAAI,CAAC,MAAM,CAAC,IAAI,CAAC,IAAI,EAAE,QAAQ,CAAC,CAAC,CAAC;QACxE,CAAC;QAAC,IAAI,CAAC,CAAC;YACJ,QAAQ,EAAE,CAAC;QACf,CAAC;IACL,CAAC;IAEM,KAAK;QACR,MAAM,EAAE,CAAC,EAAE,CAAC,EAAE,GAAG,IAAI,CAAC,YAAY,CAAC,CAAC,CAAC,CAAC;QAEtC,IAAI,CAAC,iBAAiB,GAAG,CAAC,CAAC;QAC3B,IAAI,CAAC,aAAa,CAAC,MAAM,CAAC,IAAI,CAAC,YAAY,CAAC,IAAI,CAAC,iBAAiB,CAAC,CAAC,CAAC;IACzE,CAAC;CACJ;AApCD,mCAoCC","sourcesContent":["import SpriteCoordinates from '../interfaces/SpriteCoordinate';\nimport RenderService from './RenderService';\n\nexport default class AnimationService {\n    private spriteMatrixIndex: number;\n    private cells: number;\n    private frame: number;\n\n    constructor (\n        private renderService: RenderService,\n        private window: Window,\n        private spriteMatrix: SpriteCoordinates[],\n        private fps: number\n    ) {\n        this.frame = 0;\n        this.cells = spriteMatrix.length;\n        this.spriteMatrixIndex = 0;\n    }\n\n    public getFrame (): number {\n        return this.frame;\n    }\n\n    public update (complete: () => any): void {\n        if (this.frame < this.cells) {\n            this.renderService.render(this.spriteMatrix[this.spriteMatrixIndex]);\n            this.frame++;\n            this.window.requestAnimationFrame(this.update.bind(this, complete));\n        } else {\n            complete();\n        }\n    }\n\n    public reset (): void {\n        const { x, y } = this.spriteMatrix[0];\n\n        this.spriteMatrixIndex = 0;\n        this.renderService.render(this.spriteMatrix[this.spriteMatrixIndex]);\n    }\n}\n"]},"_coverageSchema":"332fd63041d2c1bcb487cc26dd0d5f7d97098a6c","hash":"f65485f1a232c04d824c0c96f524def13b371b6b"}
,"/Users/mikes/Projects/Clippy/src/services/RenderService.ts": {"path":"/Users/mikes/Projects/Clippy/src/services/RenderService.ts","statementMap":{"0":{"start":{"line":2,"column":0},"end":{"line":2,"column":62}},"1":{"start":{"line":5,"column":8},"end":{"line":5,"column":43}},"2":{"start":{"line":6,"column":8},"end":{"line":6,"column":51}},"3":{"start":{"line":9,"column":8},"end":{"line":9,"column":84}},"4":{"start":{"line":12,"column":8},"end":{"line":12,"column":70}},"5":{"start":{"line":15,"column":0},"end":{"line":15,"column":32}}},"fnMap":{"0":{"name":"(anonymous_0)","decl":{"start":{"line":4,"column":4},"end":{"line":4,"column":5}},"loc":{"start":{"line":4,"column":50},"end":{"line":7,"column":5}},"line":4},"1":{"name":"(anonymous_1)","decl":{"start":{"line":8,"column":4},"end":{"line":8,"column":5}},"loc":{"start":{"line":8,"column":29},"end":{"line":10,"column":5}},"line":8},"2":{"name":"(anonymous_2)","decl":{"start":{"line":11,"column":4},"end":{"line":11,"column":5}},"loc":{"start":{"line":11,"column":21},"end":{"line":13,"column":5}},"line":11}},"branchMap":{},"s":{"0":3,"1":2,"2":2,"3":1,"4":1,"5":3},"f":{"0":2,"1":1,"2":1},"b":{},"inputSourceMap":{"version":3,"file":"RenderService.js","sourceRoot":"","sources":["RenderService.ts"],"names":[],"mappings":";;AAEA;IACI,YACY,aAA0B,EAC1B,iBAAyB;QADzB,kBAAa,GAAb,aAAa,CAAa;QAC1B,sBAAiB,GAAjB,iBAAiB,CAAQ;IAClC,CAAC;IAEG,sBAAsB;QACzB,IAAI,CAAC,aAAa,CAAC,KAAK,CAAC,eAAe,GAAG,OAAO,IAAI,CAAC,iBAAiB,GAAG,CAAC;IAChF,CAAC;IAEM,MAAM,CAAE,EAAE,CAAC,EAAE,CAAC,EAAoB;QACrC,IAAI,CAAC,aAAa,CAAC,KAAK,CAAC,kBAAkB,GAAG,GAAG,CAAC,MAAM,CAAC,IAAI,CAAC;IAClE,CAAC;CACJ;AAbD,gCAaC","sourcesContent":["import SpriteCoordinate from '../interfaces/SpriteCoordinate';\n\nexport default class RenderService {\n    constructor (\n        private mountingPoint: HTMLElement,\n        private pathToSpriteSheet: string\n    ) {}\n\n    public loadSpriteSheetIntoDom (): void {\n        this.mountingPoint.style.backgroundImage = `url(${this.pathToSpriteSheet})`;\n    }\n\n    public render ({ x, y }: SpriteCoordinate): void {\n        this.mountingPoint.style.backgroundPosition = `${x}px ${y}px`;\n    }\n}\n"]},"_coverageSchema":"332fd63041d2c1bcb487cc26dd0d5f7d97098a6c","hash":"01c3348c83db8b9dc9c067706c3a15d279c83842"}
}
