TN:
SF:/Users/mikes/Projects/Clippy/src/Clippy.ts
FN:4,(anonymous_0)
FN:9,(anonymous_1)
FNF:2
FNH:2
FNDA:1,(anonymous_0)
FNDA:1,(anonymous_1)
DA:2,1
DA:5,1
DA:6,1
DA:7,1
DA:10,1
DA:13,1
LF:6
LH:6
BRF:0
BRH:0
end_of_record
TN:
SF:/Users/mikes/Projects/Clippy/src/services/AnimationService.ts
FN:4,(anonymous_0)
FN:13,(anonymous_1)
FN:16,(anonymous_2)
FN:26,(anonymous_3)
FNF:4
FNH:4
FNDA:6,(anonymous_0)
FNDA:2,(anonymous_1)
FNDA:6,(anonymous_2)
FNDA:1,(anonymous_3)
DA:2,2
DA:5,6
DA:6,6
DA:7,6
DA:8,6
DA:9,6
DA:10,6
DA:11,6
DA:14,2
DA:17,6
DA:18,5
DA:19,5
DA:20,5
DA:23,1
DA:27,1
DA:28,1
DA:29,1
DA:32,2
LF:18
LH:18
BRDA:17,0,0,5
BRDA:17,0,1,1
BRF:2
BRH:2
end_of_record
TN:
SF:/Users/mikes/Projects/Clippy/src/services/RenderService.ts
FN:4,(anonymous_0)
FN:8,(anonymous_1)
FN:11,(anonymous_2)
FNF:3
FNH:3
FNDA:2,(anonymous_0)
FNDA:1,(anonymous_1)
FNDA:1,(anonymous_2)
DA:2,3
DA:5,2
DA:6,2
DA:9,1
DA:12,1
DA:15,3
LF:6
LH:6
BRF:0
BRH:0
end_of_record
